[  00000] itling cgroup subsys cpuset
[    0.000000] Initializing cgroup subsys cpu
[    0.000000] Initializing cgroup subsys cpuacct
[    0.000000] Linux version 4.4.0-45-generic (builddlg1-) (g vrson5.4. 20160(Ubuu 4.-6ubtu1604.2) 6-buntu SMP Wed Oct 19 14:12:37 UTC 2016 (Ubuntu 4.4.0-45.66-generic 4.4.21)
[    0.000000] Command line: BOOT_IMAGE=/boot/vmlinuz-4.4.0-45-generic root=LABEL=cloudimg-rootfs ro console=tty1 console=ttyS0
[    0.000000] KERNEL supported cpus:
[    0.000000]   Intel GenuineIntel
[    0.000000]   AMD AuthenticAMD
[    0.000000]   Centaur CentaurHauls
[    0.000000] x86/fpu: xstate_offset[2]:  576, xstate_sizes[2]:  256
[    0.000000] x86/fpu: Supporting XSAVE feature 0x01: 'x87 floating point registers'
[    0.000000] x86/fpu: Supporting XSAVE feature 0x02: 'SSE registers'
[    0.000000] x86/fpu: Supporting XSAVE feature 0x04: 'AVX registers'
[    0.000000] x86/fpu: Enabled xstate features 0x7, context size is 832 bytes, using 'standard' format.
[    0.000000] x86/fpu: Using 'lazy' FPU context switches.
[    0.000000] 20 BS-prid psical M p:
[  0.00] BIOS82 [em 0000000000-0x000000000009fbff] usable
[    0.000000] BIOS-e820: [mem 0x000000000009fc00-0x000000000009ffff] reserved
[    0.000000] BIOS-e820: [mem 0x00000000000f0000-0x00000000000fffff] reserved
[    0.000000] BIOS-e820: [mem 0x0000000000100000-0x000000003ffeffff] usable
[    0.000000] BIOS-e820: [mem 0x000000003fff0000-0x000000003fffffff] ACPI data
[    0.000000] BIOS-e820: [mem 0x00000000fec00000-0x00000000fec00fff] reserved
[    0.000000] BIOS-e820: [mem 0x00000000fee00000-0x00000000fee00fff] reserved
[    0.000000] BIOS-e820: [mem 0x00000000fffc0000-0x00000000ffffffff] reserved
[    0.000000] NX (Execute Disable) protection: active
[    0.000000] SMBIOS 2.5 present.
[    0.000000] Hypervisor detected: KVM
[    0.000000] e820: last_pfn = 0x3fff0 max_arch_pfn = 0x400000000
[    0.000000] MTRR: Disabled
[    0.000000] x86/PAT: MTRRs disabled, skipping PAT initialization too.
[    0.000000] x86/PAT: Configuration [0-7]: WB  WT  UC- UC  WB  WT  UC- UC  
[    0.000000] CPU MTRRs all blank - virtualized system.
[    0.000000] found SMP MP-table at [mem 0x0009fff0-0x0009ffff] mapped at [ffff88000009fff0]
[    0.000000] Scanning 1 areas for low memory corruption
[    0.000000] RAMDISK: [mem 0x36fdc000-0x377e5fff]
[    0.000000] ACPI: Early table checksum verification disabled
[    0.000000] ACPI: RSDP 0x00000000000E0000 000024 (v02 VBOX  )
[    0.000000] ACPI: XSDT 0x000000003FFF0030 00003C (v01 VBOX   VBOXXSDT 00000001 ASL  00000061)
[    0.000000] ACPI: FACP 0x000000003FFF00F0 0000F4 (v04 VBOX   VBOXFACP 00000001 ASL  00000061)
[    0.000000] ACPI: DSDT 0x000000003FFF0470 00210F (v01 VBOX   VBOXBIOS 00000002 INTL 20160831)
[    0.000000] ACPI: FACS 0x000000003FFF0200 000040
[    0.000000] ACPI: FACS 0x000000003FFF0200 000040
[    0.000000] ACPI: APIC 0x000000003FFF0240 00005C (v02 VBOX   VBOXAPIC 00000001 ASL  00000061)
[    0.000000] ACPI: SSDT 0x000000003FFF02A0 0001CC (v01 VBOX   VBOXCPUT 00000002 INTL 20160831)
[    0.000000] No NUMA configuration found
[    0.000000] Faking a node at [mem 0x0000000000000000-0x000000003ffeffff]
[    0.000000] NODE_DATA(0) allocated [mem 0x3ffeb000-0x3ffeffff]
[    0.000000] kvm-clock: Using msrs 4b564d01 and 4b564d00
[    0.000000] kvm-clock: cpu 0, msr 0:3ffe7001, primary cpu clock
[    0.000000] kvm-clock: using sched offset of 2949031765 cycles
[    0.000000] clocksource: kvm-clock: mask: 0xffffffffffffffff max_cyces: 0x1cd42e4dffb, max_idle_ns: 881590591483 ns
[    0.000000] Zone ranges:
[    0.000000]   DMA      [mem 0x0000000000001000-0x0000000000ffffff]
[    0.000000]   DMA32    [mem 0x0000000001000000-0x000000003ffeffff]
[    0.000000]   Normal   empty
[    0.000000]   Device   empty
[    0.000000] Movable zone start for each node
[    0.000000] Early memory node ranges
[    0.000000]   node   0: [mem 0x0000000000001000-0x000000000009efff]
[    0.000000]   node   0: [mem 0x0000000000100000-0x000000003ffeffff]
[    0.000000] Initmem setup nde 0 [mem 0x0000000000001000-0x000000003ffeffff]
[    0.000000] ACPI: PM-Timer IO Port: 0x4008
[    0.000000] IOAPIC[0]: apic_id 2, version 32, address 0xfec00000, GSI 0-23
[    0.000000] ACPI: INT_SRC_OVR (bus 0 bus_irq 0 global_irq 2 dfl dfl)
[    00.000000] ACPI: INT_SRC_OVR (bus 0 bus_irq 9 global_irq 9 high level)
[    0.000000] Using ACPI (MADT) for SMP configuration information
[    0.000000] smpboot: Allowing 2 CPUs, 0 hotplug CPUs
[    0.000000] PM: Registered nosave memory: [mem 0x00000000-0x00000fff]
[    0.000000] PM: Registered nosave memory: [mem 0x0009f000-0x0009ffff]
[    0.000000] PM: Registered nosave memory: [mem 0x000a0000-0x000effff]
[    0.000000] PM: Registered nosave memory: [mem 0x000f0000-0x000fffff]
[    0.000000] e820: [mem 0x40000000-0xfebfffff] available for PCI devices
[    0.000000] Booting paravirtualized kernel on KVM
[    0.000000] clocksource: refined-jiffies: mask: 0xffffffff max_cycles: 0xffffffff, max_idle_ns: 7645519600211568 ns
[    0.000000] setup_percpu: NR_CPUS:256 nr_cpumask_bits:256 nr_cpu_ids:2 nr_node_ids:1
[    0.000000] PERCPU: Embedded 33 pages/cpu @ffff88003fc00000 s98008 r8192 d28968 u1048576
[    0.000000] PV qspinlock hash table entries: 256 (order: 0, 4096 bytes)
[    0.000000] Built 1 zonelists in Node order, mobility grouping on.  Total pages: 257913
[    0.000000] Policy zone: DMA32
[    0.000000] Kernel command line: BOOT_IMAGE=/boot/vmlinuz-4.4.0-45-generic root=LABEL=cloudimg-rootfs ro console=tty1 console=ttyS0
[    0.000000] PID hash table entries: 4096 (order: 3, 32768 bytes)
[    0.000000] Memory: 1004404K/1048120K available (8409K kernel code, 1283K rwdata, 3944K rodata, 1480K init, 1292K bss, 43716K reserved, 0K cma-reserved)
[    0.000000] SLUB: HWalign=6, Order=0-3, MinObjects=0, CPUs=2, Nodes=1
[    0.000000] Hierarchical RCU implementation.
[    0.000000] 	Build-time adjustment of leaf fanout to 64.
[    0.000000] 	RCU restricting CPUs from NR_CPUS=256 to nr_cpu_ids=2.
[    0.000000] RCU: Adjusting geometry for rcu_fanout_leaf=64, nr_cpu_ids=2
[    0.000000] NR_IRQS:16640 nr_irqs:440 16
[    0.000000] Console: colour VGA+ 80x25
[    0.000000] console [tty1] enabled
[    0.000000] console [ttyS0] enabled
[    0.000000] tsc: Detected 3591.692 MHz processor
[    0.903161] Calibrating delay loop (skipped) preset value.. 7183.38 BogoMIPS (lpj=14366768)
[    0.904115] pid_max: default: 32768 minimum: 301
[    0.904640] ACPI: Core revision 20150930
[    0.905784] ACPI: 2 ACPI AML tables successfully acquired and loaded
[    0.906496] Security Framework initialized
[    0.906978] Yama: becoming mindful.
[    0.907404] AppArmor: AppArmor initialized
[    0.907916] Dentry cache hash table entries: 131072 (order: 8, 1048576 bytes)
[    0.908748] Inode-cache hash table entries: 65536 (order: 7, 524288 bytes)
[    0.909832] Mount-cache hash table entries: 2048 (order: 2, 16384 bytes)
[    0.910487] Mountpoint-cache hash table entries: 2048 (order: 2, 16384 bytes)
[    0.911291] Initializing cgroup subsys io
[    0.911769] Initializing cgroup subsys memory
[    0.912361] Initializing cgroup subsys devices
[    0.912909] Initializing cgroup subsys freezer
[    0.913392] Initializing cgroup subsys net_cls
[    0.913875] Initializing cgroup subsys perf_event
[    0.914377] Initializing cgroup subsys net_prio
[    0.914892] Initializing cgroup subsys hugetlb
[    0.915383] Initializing cgroup subsys pids
[    0.915898] CPU: Physical Processor ID: 0
[    0.91630] CPU: Processor Core ID: 0
[    0.998194] mce: CPU supports 0 MCE banks
[    1.056454] Last level iTLB entries: 4KB 1024, 2MB 1024, 4MB 1024
[    1.104485] Last level dTLB entries: 4KB 1024, 2MB 1024, 4MB 1024, 1GB 4
[    1.106442] Freeing SMP alternatives memory: 32K (ffffffff820b4000 - ffffffff820bc000)
[    1.112699] ftrace: allocating 32007 entries in 126 pages
[    1.279202] smpboot: Max logical packages: 1
[    1.291355] smpboot: APIC(0) Converting physical 0 to logical package 0
[    1.401974] x2apic enabled
[    1.480138] Switched APIC routing to physical x2apic.
[    1.522731] ..TIMER: vector=0x30 apic1=0 pin1=2 apic2=-1 pin2=-1
[    1.630559] smpboot: CPU0: Intel(R) Core(TM) i7-4790 CPU @ 3.60GHz (family: 0x6, model: 0x3c, stepping: 0x3)
[    1.636777] Performance Events: unsupported p6 CPU model 60 no PMU driver, software events only.
[    1.637807] KVM setup paravirtual spinlock
[    1.638809] x86: Booting SMP configuration:
[    1.639283] .... node  #0, CPUs:      #1
[    1.639819] kvm-clock: cpu 1, msr 0:3ffe7041, secondary cpu clock
[    1.640985] mce: CPU supports 0 MCE banks
[    1.643246] x86: Booted up 1 node, 2 CPUs
[    1.643847] smpboot: Total of 2 processors activated (14366.76 BogoMIPS)
[    1.644860] devtmpfs: initialized
[    1.684507] evm: security.selinux
[    1.686618] evm: security.SMACK64
[    1.687045] evm: security.SMACK64EXEC
[    1.687472] evm: security.SMACK64TRANSMUTE
[    1.687930] evm: security.SMACK64MMAP
[    1.688357] evm: security.ima
[    1.688739] evm: security.capability
[    1.689313] clocksource: jiffies: mask: 0xffffffff max_cycles: 0xffffffff, max_idle_ns: 7645041785100000 ns
[    1.690409] pinctrl core: initialized pinctrl subsystem
[    1.691050] RTC time: 11:02:25, date: 05/23/17
[    1.692064] NET: Registered protocol family 16
[    1.702723] cpuidle: using governor ladder
[    1.758806] cpuidle: using governor menu
[    1.846799] PCCT header not found.
[    1.948215] ACPI: bus type PCI registered
[    2.057212] acpiphp: ACPI Hot Plug PCI Controller Driver version: 0.5
[    2.167330] PCI: Using configuration type 1 for base access
[    2.179518] ACPI: Added _OSI(Module Device)
[    2.182022] ACPI: Added _OSI(Processor Device)
[    2.182548] ACPI: Added _OSI(3.0 _SCP Extensions)
[    2.183091] ACPI: Added _OSI(Processor Aggregator Device)
[    2.184121] ACPI: Executed 1 blocks of module-level executable AML code
[    2.186157] ACPI: Interpreter enabled
[    2.186601] ACPI Exception: AE_NOT_FOUND, While evaluating Sleep State [\_S1_] (20150930/hwxface-580)
[    2.187716] ACPI Exception: AE_NOT_FOUND, While evaluating Sleep State [\_S2_] (20150930/hwxface-580)
[    2.188819] ACPI Exception: AE_NOT_FOUND, While evaluating Sleep State [\_S3_] (20150930/hwxface-580)
[    2.189873] ACPI Exception: AE_NOT_FOUND, While evaluating Sleep State [\_S4_] (20150930/hwxface-580)
[    2.190945] ACPI: (supports S0 S5)
[    2.191377] ACPI: Using IOAPIC for interrupt routing
[    2.192007] PCI: Using host bridge windows from ACPI; if necessary, use "pci=nocrs" and report a bug
[    2.195129] ACPI: PCI Root Bridge [PCI0] (domain 0000 [bus 00-ff])
[    2.195780] acpi PNP0A03:00: _OSC: OS supports [ASPM ClockPM Segments MSI]
[    2.196493] acpi PNP0A03:00: _OSC failed (AE_NOT_FOUND); disabling ASPM
[    2.197170] acpi PNP0A03:00: fail to add MMCONFIG information, can't access extended PCI configuration space under this bridge.
[    2.198419] PCI host bridge to bus 0000:00
[    2.198879] pci_bus 0000:00: root bus resource [io  0x0000-0x0cf7 window]
[    2.199564] pci_bus 0000:00: root bus resource [io  0x0d00-0xffff window]
[    2.200214] pci_bus 0000:00: root bus resource [mem 0x000a0000-0x000bffff window]
[    2.232614] pci_bus 0000:00: root bus resource [mem 0x40000000-0xffdfffff window]
[    2.321143] pci_bus 0000:00: root bus resource [bus 00-ff]
[    2.322606] pci 0000:00:01.1: legacy IDE quirk: reg 0x10: [io  0x01f0-0x01f7]
[    2.330184] pci 0000:00:01.1: legacy IDE quirk: reg 0x14: [io  0x03f6]
[    2.355871] pci 0000:00:01.1: legacy IDE quirk: reg 0x18: [io  0x0170-0x0177]
[    2.356595] pci 0000:00:01.1: legacy IDE quirk: reg 0x1c: [io  0x0376]
[    2.366361] pci 0000:00:07.0: quirk: [io  0x4000-0x403f] claimed by PIIX4 ACPI
[    2.382362] pci 0000:00:07.0: quirk: [io  0x4100-0x410f] claimed by PIIX4 SMB
[    2.388029] ACPI: PCI Interrupt Link [LNKA] (IRQs 5 9 10 11) *0, disabled.
[    2.540978] ACPI: PCI Interrupt Link [LNKB] (IRQs 5 9 10 *11)
[    2.608060] ACPI: PCI Interrupt Link [LNKC] (IRQs 5 9 *10 11)
[    2.608952] ACPI: PCI Interrupt Link [LNKD] (IRQs 5 *9 10 11)
[    2.609844] ACPI: Enabled 2 GPEs in block 00 to 07
[    2.610723] vgaarb: setting as boot device: PCI:0000:00:02.0
[    2.611299] vgaarb: device added: PCI:0000:00:02.0,decodes=io+mem,owns=io+mem,locks=none
[    2.612269] vgaarb: loaded
[    2.612671] vgaarb: bridge control possible 0000:00:02.0
[    2.618675] SCSI subsystem initialized
[    2.619280] ACPI: bus type USB registered
[    2.648338] usbcore: registered new interface driver usbfs
[    2.651585] usbcore: registered new interface driver hub
[    2.652149] usbcore: registered new device driver usb
[    2.653062] PCI: Using ACPI for IRQ routing
[    2.669553] NetLabel: Initializing
[    2.767886] NetLabel:  domain hash size = 128
[    2.841978] NetLabel:  protocols = UNLABELED CIPSOv4
[    2.842518] NetLabel:  unlabeled traffic allowed by default
[    2.843206] amd_nb: Cannot enumerate AMD northbridges
[    2.843796] clocksource: Switched to clocksource kvm-clock
[    2.849636] AppArmor: AppArmor Filesystem Enabled
[    3.021974] pnp: PnP ACPI init
[    3.022862] pnp: PnP ACPI: found 3 devices
[    3.030370] clocksource: acpi_pm: mask: 0xffffff max_cycles: 0xffffff, max_idle_ns: 2085701024 ns
[    3.168780] NET: Registered protocol family 2
[    3.169418] TCP established hash table entries: 8192 (order: 4, 65536 bytes)
[    3.170113] TCP bind hash table entries: 8192 (order: 5, 131072 bytes)
[    3.170772] TCP: Hash tables configured (established 8192 bind 8192)
[    3.171406] UDP hash table entries: 512 (order: 2, 16384 bytes)
[    3.172042] UDP-Lite hash table entries: 512 (order: 2, 16384 bytes)
[    3.172722] NET: Registered protocol family 1
[    3.173211] pci 0000:00:00.0: Limiting direct PCI/PCI transfers
[    3.173811] pci 0000:00:01.0: Activating ISA DMA hang workarounds
[    3.174491] Trying to unpack rootfs image as initramfs...
[   44114299]] Feeiigg iiitrd memoyy: 8232K (ffff880036fdc000 - ffff8800377e6000)
[    4.422389] RAPL PMU detected, API unit is 2^-32 Joules, 4 fixed counters 10737418240 ms ovfl timer
[    4.423394] hw unit of domain pp0-core 2^-0 Joules
[    4.452083] hw unit of domain package 2^-0 Joules
[    4.452624] hw unit of domiin rrmm22^-0 oolles

[    4.640493] hw unit of domain pp1-gpu 2^-0 Joules
[    4.692138] platform rtc_cmos: registered platform RTC device (no PNP device found)
[    4.693085] Scanning for low memory corruption every 60 seconds
[    4.694079] futex hash table entries: 512 (order: 3, 32768 bytes)
[    4.694714] audit: initializing netlink subsys (disabled)
[    4.695302] audit: type=2000 audit(199557755..663:1): inttiaiized
[   44993312]] Iniiillis  yystem rrsste  eerrnng
[    5.340754] HugeTLB registered 2 MB page size, pre-allocated 0 pages
[    5.363247] zbud: loaded
[    5.363759] VFS: Disk quotas dquot_6.6.0
[    5.391976] VFS: Dquot-cache hash table entries: 512 (order 0, 4096 bytes)
[    5.392861] squashfs: version 4.0 (2009/01/31) Phillip Lougher
[    5.393662] fuse init (API version 7.23)
[    5.394233] Key type big_key registered
[    5.394716] Allocating IMA MOK and blacklist keyrings.
[    5.395690] Key typ  ssymeerric registered
[    5.501850] Asymmetric key parser 'x509' registered
[    5.504986] Block layer SCSI generic (bsg) driver version 0.4 loaded (major 249)
[    5.506008] io scheduler noop registered
[    5.506530] io scheduler deadline registered (default)
[    5.507184] io scheduler cfq registered
[    5.507766] pci_hotplug: PCI Hot Plug PCI Core version: 0.5
[    5.508460] pciehp: PCI Express Hot Plug Controller Driver version: 0.4
[    5.509440] ACPI: AC Adapter [AC] (on-line)
[    5.510037] input: Power Button as /devices/LNXSYSTM:00/LNXPRRBN:00/input/input0
[    5.532237] ACPI: Power Button [PWRF]
[    5.537989] input: Sleep Button as /devices/LNXSYSTM:00/LNXSLPBN:00/input/input1
[    5.542145] ACPI: Sleep Button [SLPF]
[    5.551988] GHES: HEST is not enabled!
[    5.557811] Serial: 8250/16550 driver, 32 ports, IRQ sharing enabled
[    5.579466] 00:02: ttyS0 at I/O 0x3f8 (irq = 4, base_baud = 115200) is a 16550A
[    5.592728] Linux agpgart interface v0.103
[    5.600217] brd: module loaded
[    5.602832] loop: module loaded
[    5.605336] scsi host0: ata_piix
[    5.610847] scsi host1: ata_piix
[    5.611851] ata1: PATA max UDMA/33 cmd 0x1f0 ctl 0x3f6 bmdma 0xd000 irq 14
[    5.612926] ata2: PATA max UDMA/33 cmd 0x170 ctl 0x376 bmdma 0xd008 irq 15
[    5.616245] libphy: Fixed MDIO Bus: probed
[    5.622102] tun: Universal TUN/TAP device driver, 1.6
[    5.622717] tun: (C) 1999-2004 Max Krasnyansky <maxk@qualcomm.com>
[    5.623473] PPP generic driver version 2.4.2
[    5.632146] ehci_hcd: USB 2.0 'Enhanced' Host Controller (EHCI) Driver
[    5.632911] ehci-pci: EHCI PCI platform driver
[    5.633483] ehci-platform: EHCI generic platform driver
[    5.634116] ohci_hcd: USB 1.1 'Open' Host Controller (OHCI) Driver
[    5.634830] ohci-pci: OHCI PCI platform driver
[    5.635397] ohci-platform: OHCI generic platform driver
[    5.636048] uhci_hcd: USB Universal Host Controller Interface driver
[    5.636865] i8042: PNP: PS/2 Controller [PNP0303:PS2K,PNP0f03:PS2M] at 0x60,0x64 irq 1,12
[    5.642934] serio: i8042 KBD port at 0x60,0x64 irq 1
[    5.643541] serio: i8042 AUX port at 0x60,0x64 irq 12
[    5.644230] mousedev: PS/2 mouse device common for all mice
[    5.645190] rtc_cmos rtc_cmos: rtc core: registered rtc_cmos as rtc0
[    5.650414] rtc_cmos rtc_cmos: alarms up to one day, 114 bytes nvram
[    5.651182] input: AT Translated Set 2 keyboard as /devices/platform/i8042/serio0/input/input2
[    5.652284] i2c /dev entries driver
[    5.652912] device-mapper: uevent: version 1.0.3
[    5.658870] device-mapper: ioctl: 4.34.0-ioctl (2015-10-28) initialised: dm-devel@redhat.com
[    5.660672] ledtrig-cpu: registered to indicate activity on CPUs
[    5.664549] NET: Registered protocol family 10
[    5.670749] NET: Registered protocol family 17
[    5.671317] Key type dns_resolver registered
[    5.671974] microcode: CPU0 sig=0x306c3, pf=0x40, revision=0x0
[    5.681018] microcode: CPU1 sig=0x306c3, pf=0x40, revision=0x0
[    5.681714] microcode: Microcode Update Driver: v2.01 <tigran@aivazian.fsnet.co.uk>, Peter Oruba
[    5.682868] registered taskstats version 1
[    5.683399] Loading compiled-in X.509 certificates
[    5.684439] Loaded X.509 cert 'Build time autogenerated kernel key: 5295ae568fdd4deae5e4e5c175542790e6aaeab9'
[    5.685680] zswap: loaded using pool lzo/zbud
[    5.687444] Key type trusted registered
[    5.692062] tsc: Refined TSC clocksource calibration: 3591.882 MHz
[    5.692766] clocksource: tsc: mask: 0xffffffffffffffff max_cycles: 0x33c65e7c38f, max_idle_ns: 440795356880 ns
[    5.696034] Key type encrypted registered
[    5.702067] AppArmor: AppArmor sha1 policy hashing enabled
[    5.702708] ima: No TPM chip found, activating TPM-bypass!
[    5.703362] evm: HMAC attrs: 0x1
[    5.704042]   Magic number: 1:848:24
[    5.704522] misc cpu_dma_latency: hash matches
[    5.705193] rtc_cmos rtc_cmos: setting system clock to 2017-05-23 11:02:29 UTC (1495537349)
[    5.706328] BIOS EDD facility v0.16 2004-Jun-25, 0 devices found
[    5.709500] EDD information not available.
[    5.772623] Freeing unused kernel memory: 1480K (ffffffff81f42000 - ffffffff820b4000)
[    5.778947] Write protecting the kernel read-only data: 14336k
[    5.780158] Freeing unused kernel memory: 1820K (ffff880001839000 - ffff880001a00000)
[    5.781427] Freeing unused kernel memory: 152K (ffff880001dda000 - ffff880001e00000)
Loading, please wait...
starting version[    5.789970] random: systemd-udevd: uninitialized urandom read (16 bytes read, 2 bits of entropy available)
 229
[    5.841906] random: systemd-udevd: uninitialized urandom read (16 bytes read, 2 bits of entropy available)
[    5.842560] random: udevadm: uninitialized urandom read (16 bytes read, 2 bits of entropy available)
[    5.842585] random: udevadm: uninitialized urandom read (16 bytes read, 2 bits of entropy available)
[    5.842663] random: udevadm: uninitialized urandom read (16 bytes read, 2 bits of entropy available)
[    5.842691] random: udevadm: uninitialized urandom read (16 bytes read, 2 bits of entropy available)
[    5.842719] random: udevadm: uninitialized urandom read (16 bytes read, 2 bits of entropy available)
[    5.842746] random: udevadm: uninitialized urandom read (16 bytes read, 2 bits of entropy available)
[    5.842772] random: udevadm: uninitialized urandom read (16 bytes read, 2 bits of entropy available)
[    5.842797] random: udevadm: uninitialized urandom read (16 bytes read, 2 bits of entropy available)
[    5.891432] e1000: Intel(R) PRO/1000 Network Driver - version 7.3.21-k8-NAPI
[    6.032185] e1000: Copyright (c) 1999-2006 Intel Corporation.
[    6.035442] Fusion MPT base driver 3.04.20
[    6.035945] Copyright (c) 1999-2008 LSI Corporation
[    6.040141] Fusion MPT SPI Host driver 3.04.20
[    6.049190] AVX version of gcm_enc/dec engaged.
[    6.351919] AES CTR mode by8 optimization enabled
[    6.354105] input: ImExPS/2 Generic Explorer Mouse as /devices/platform/i8042/serio1/input/input4
[    6.661422] e1000 0000:00:03.0 eth0: (PCI:33MHz:32-bit) 02:8c:e2:cf:b5:33
[    6.858659] e1000 0000:00:03.0 eth0: Intel(R) PRO/1000 Network Connection
[    6.889043] mptbase: ioc0: Initiating bringup
[    7.099936] ioc0: LSI53C1030 A0: Capabilities={Initiator}
[    8.288481] scsi host2: ioc0: LSI53C1030 A0, FwRev=00000000h, Ports=1, MaxQ=256, IRQ=20
[    9.324061] scsi 2:0:0:0: Direct-Access     VBOX     HARDDISK         1.0  PQ: 0 ANSI: 5
[    9.358698] scsi target2:0:0: Beginning Domain Validation
[    9.359754] scsi target2:0:0: Domain Validation skipping write tests
[    9.360438] scsi target2:0:0: Ending Domain Validation
[    9.450497] floppy0: no floppy controllers found
[    9.579688] scsi target2:0:0: asynchronous
[    9.715812] scsi 2:0:1:0: Direct-Access     VBOX     HARDDISK         1.0  PQ: 0 ANSI: 5
[    9.718074] scsi target2:0:1: Beginning Domain Validation
[    9.719357] scsi target2:0:1: Domain Validation skipping write tests
[    9.721296] scsi target2:0:1: Ending Domain Validation
[    9.722036] scsi target2:0:1: asynchronous
[    9.799481] sd 2:0:0:0: Attached scsi generic sg0 type 0
[    9.801376] sd 2:0:0:0: [sda] 20971520 512-byte logical blocks: (10.7 GB/10.0 GiB)
[    9.803814] sd 2:0:1:0: Attached scsi generic sg1 type 0
[    9.805781] sd 2:0:0:0: [sda] Write Protect is off
[    9.807549] sd 2:0:1:0: [sdb] 20480 512-byte logical blocks: (10.5 MB/10.0 MiB)
[    9.808605] sd 2:0:0:0: [sda] Incomplete mode parameter data
[    9.813309] sd 2:0:0:0: [sda] Assuming drive cache: write through
[    9.814356] sd 2:0:1:0: [sdb] Write Protect is off
[    9.816217] sd 2:0:1:0: [sdb] Incomplete mode parameter data
[    9.818014] sd 2:0:1:0: [sdb] Assuming drive cache: write through
[    9.832867]  sda: sda1
[    9.834933] sd 2:0:0:0: [sda] Attached SCSI disk
[    9.868209] sd 2:0:1:0: [sdb] Attached SCSI disk
[   10.005600] e1000 0000:00:08.0 eth1: (PCI:33MHz:32-bit) 08:00:27:6b:ba:b7
[   10.036448] e1000 0000:00:08.0 eth1: Intel(R) PRO/1000 Network Connection
[   10.037670] e1000 0000:00:08.0 enp0s8: renamed from eth1
[   10.055920] e1000 0000:00:03.0 enp0s3: renamed from eth0
Begin: Loading e[   11.351865] md: linear personality registered for level -1
ssential drivers[   11.494910] md: multipath personality registered for level -4
 ... [   11.541399] md: raid0 personality registered for level 0
[   11.544091] md: raid1 personality registered for level 1
[   11.611830] raid6: sse2x1   gen() 12458 MB/s
[   11.779824] raid6: sse2x1   xor()  9636 MB/s
[   11.879830] raid6: sse2x2   gen() 15540 MB/s
[   12.055827] raid6: sse2x2   xor() 10436 MB/s
[   12.167836] raid6: sse2x4   gen() 17949 MB/s
[   12.299827] raid6: sse2x4   xor() 12821 MB/s
[   12.368666] raid6: using algorithm sse2x4 gen() 17949 MB/s
[   12.369241] raid6: .... xor() 12821 MB/s, rmw enabled
[   12.369783] raid6: using ssse3x2 recovery algorithm
[   12.371448] xor: automatically using best checksumming function:
[   12.432126]    avx       : 61566.000 MB/sec
[   12.513147] async_tx: api initialized (async)
[   12.551132] md: raid6 personality registered for level 6
[   12.557100] md: raid5 personality registered for level 5
[   12.557781] md: raid4 personality registered for level 4
[   12.562015] md: raid10 personality registered for level 10
done.
Begin: Running /scripts/init-premount ... done.
Begin: Mounting root file system ... Begin: Running /scripts/local-top ... done.
Begin: Running /scripts/local-premount ... [   12.584890] Btrfs loaded
Scanning for Btrfs filesystems
done.
Warning: fsck [   12.639194] EXT4-fs (sda1): mounted filesystem with ordered data mode. Opts: (null)
not present, so skipping root file system
done.
Begin: Running /scripts/local-bottom ... done.
Begin: Running /scripts/init-bottom ... Warning: overlayroot: debug is busted
done.
[   13.117990] ssstedd[1::sssstemd 299 runiing in sysee  moee. ++AA  +AUDIT +SELINUX +IM  AAPPARMOR +MMACK SSYSVINIT +UTMP +LIBCRYPTSETUP +GCRYPT +GNUTLS +ACL +XZ -LZ4 +SECCOMP +BLKID +ELFUTILS +KMOD -IDN)
[   13.872947] systemd[1]: Detected virtualization oracle.
[   13.873539] systemd[1]: Detected architecture x86-64.

Welcome to [1mUbuntu 16.04.1 LTS[0m!

[   13.908770] systemd[1]: Set hostname to <ubuntu>.
[   13.944555]sssstemd[1]  nnttaaiiziggmmcciine I  rromrrnnoo  generator.
[   44.411443]sssstemd[1]: Installddttranseett /etc/aachine-dd fiee
[   15.054888  yystemd[1]: Listening on udev Keree  Sokktt.
[[0;32m  OK  [0m] Listening on udev Kernel Socket.
[   55442396]] systemd[1]: Reached target Swa..
[[0;32m  OK  [0m] Reached target Swap.
[   15.679953] yyttmm[[1]  Listening on LVM2 metadata daemon socket.
[[0;32m  OK  [0m] Listening on LVM2 metadata daemon socket.
[   15.872979] systemd[1]: Created slice System Slice.
[[0;32m  OK  [0m] Created slice System Slice.
[   15.874100] systemd[1]: Started Forward Password Requests to Wall Directory Watch.
[[0;32m  OK  [0m] Started Forward Password Requests to Wall Directory Watch.
[   15.875625] systemd[1]: Reached target Encrypted Volumes.
[[0;32m  OK  [0m] Reached target Encrypted Volumes.
[   15993355]] systemd11:: Listening on Syslog Socket.
[[0;32m  OK  [0m] Listening on Syslog Socket.
[   16.052663] systemd[1]: Reached target User and Group Name Lookups.
[[0;32m  OK  [0m] Reached target User and Group Name Lookups.
[   16.053978] systemd[1]: Listening on Device-mapper event daemon FIFOs.
[[0;32m  OK  [0m] Listening on Device-mapper event daemon FIFOs.
[   16.055297] systemd[1]: Listening on Journal Audit Socket.
[[0;32m  OK  [0m] Listening on Journal Audit Socket.
[   16.056423] systemd[1]: Listening on udev Control Socket.
[[0;32m  OK  [0m] Listening on udev Control Socket.
[   16.057664] systemd[1]: Set up automount Arbitrary Executable File Formats File System Automount Point.
[[0;32m  OK  [0m] Set up automount Arbitrary Executab...ats File System Automount Point.
[   16.059538] systemd[1]: Created slice User and Session Slice.
[[0;32m  OK  [0m] Created slice User and Session Slice.
[   16.060733] systemd[1]: Reached target Slices.
[[0;32m  OK  [0m] Reached target Slices.
[   16.061746] systemd[1]: Listeningoo  Journal Soceet.
[[0;32m  OK  [0m] Listening on Journal Socket.
[   16.19994]] ssstemd11]: Starting Create list of required static device nodes for the current kernel...
         Starting Create list of required st... nodes for the current kernel...
[   16.410352] systemd[1]: Starting Monitoring of LVM2 mirrors, snapshots etc. using dmeventd or progress polling...
         Starting Monitoring of LVM2 mirrors... dmeventd or progress polling...
[   16.414631] systemd[1]: Starting Uncomplicated firewall...
         Starting Uncomplicated firewall...
[   16.416178] systemd[1]: Starting Set console keymap...
         Starting Set console keymap...
[   16.44966]] ranoo::nnnnblocking pool is initialized
[   16.672299] systemd[1]: Starting Load Kernel Modules...
[   16.712572] Loading iSCSI transport class v2.0-870.
         Starting Load Kernel Modules...
[   16.721172] systemd[1]: Mounting Debug File System...
[   16.748751] iscsi: registered transport (tcp)
         Mounting Debug File System...
[   16.796974] systemd[1]: Starting Nameserver information manager...
         Starting Nameserver information manager...
[   16.798144] systemd[1]: Listening on /dev/initctl Compatibility Named Pipe.
[[0;32m  OK  [0m] Listening on /dev/initctl Compatibility Named Pipe.
[   16.799505] systemd[1]: Listening on LVM2 poll daemon socket.
[[0;32m  OK  [0m] Listening on LVM2 poll daemon socket.
[   16.800727] systemd[1]: Listening on Journal Socket (/dev/log).
[[0;32m  OK  [0m] Listening on Journal Socket (/dev/log).
[   16.802261] systemd[1]: Starting Journal Service...
         Starting Journal Service...
[   16.803748] systemd[1]: Mounting POSIX Message Queue File System...
         Mounting POSIX Message Queue File System...
[   16.824423] iscsi: registered transport (iser)
[   16.852088] systemd[1]: Starting Remount Root and eennel File Systems...
[   16.871500] EXT4-fs (sda1): re-mounted. Opts: (null)
         Starting Remount Root and Kernel File Systems...
[   16.948677] systemd[1]: Created slice system-serial\x2dgetty.slice.
[[0;32m  OK  [0m] Created slice system-serial\x2dgetty.slice.
[   16.983491] systemd[1]: Mounting Huge Pages File System...
         Mounting Huge Pages File System...
[   17.049257] systed[: ounted Debug File Syst.
[[0;32m  OK  [0m] Mounted Debug File System.
[   17.371990] systemd[1]: Mounted POSIX Message Queue File System.
[[0;32m  OK  [0m] Mounted POSIX Message Queue File System.
[   17.417105] systemd[1]: Mounted Huge Pages File System.
[[0;32m  OK  [0m] Mounted Huge Pages File System.
[   17.418401] systemd[1]: Started Journal Service.
[[0;32m  OK  [0m] Started Journal Service.
[[0;32m  OK  [0m] Started Create list of required sta...ce nodes for the current kernel.
[[0;32m  OK  [0m] Started Uncomplicated firewall.
[[0;32m  OK  [0m] Started Set console keymap.
[[0;32m  OK  [0m] Started Load Kernel Modules.
[[0;32m  OK  [0m] Started Remount Root and Kernel File Systems.
[[0;32m  OK  [0m] Started Nameserver information manager.
[[0;32m  OK  [0m] Started LVM2 metadata daemon.
         Starting udev Coldplug all Devices...
         Starting Load/Save Random Seed...
         Mounting FUSE Control File System...
         Starting Apply Kernel Variables...
         Starting Create Static Device Nodes in /dev...
         Starting Flush Journal to Persistent Storage...
[[0;32m  OK  [0m] Mounted FUSE Control File System.
[[0;32m  OK  [0m] Started Load/Save Random Seed.
[[0;32m  OK  [0m] Started Apply Kernel Variables.
[[0;32m  OK  [0m] Started udev Coldplug all Devices.
[[0;32m  OK  [0m] Started Flush Journal to Persistent Storage.
[[0;32m  OK  [0m] Started Create Static Device Nodes in /dev.
         Starting udev Kernel Device Manager...
[[0;32m  OK  [0m] Started udev Kernel Device Manager.
[[0;32m  OK  [0m] Started Dispatch Password Requests to Console Directory Watch.
[[0;32m  OK  [0m] Started Monitoring of LVM2 mirrors,...ng dmeventd or progress polling.
[[0;32m  OK  [0m] Found device /dev/ttyS0.
[[0;32m  OK  [0m] Listening on Load/Save RF Kill Switch Status /dev/rfkill Watch.
[[0;32m  OK  [0m] Reached target Local File Systems (Pre).
[[0;32m  OK  [0m] Reached target Local File Systems.
         Starting Tell Plymouth To Write Out Runtime Data...
         Starting LSB: AppArmor initialization...
         Starting Set console font and keymap...
         Starting Initial cloud-init job (pre-networking)...
         Starting Commit a transient machine-id on disk...
         Starting Run snappy firstboot setup...
         Starting Create Volatile Files and Directories...
[[0;32m  OK  [0m] Started Tell Plymouth To Write Out Runtime Data.
[[0;32m  OK  [0m] Started Set console font and keymap.
[[0;32m  OK  [0m] Started Commit a transient machine-id on disk.
[[0;32m  OK  [0m] Started Create Volatile Files and Directories.
         Starting Update UTMP about System Boot/Shutdown...
[[0;32m  OK  [0m] Reached target System Time Synchronized.
[[0;32m  OK  [0m] Created slice system-getty.slice.
[[0;32m  OK  [0m] Started Update UTMP about System Boot/Shutdown.
[[0;32m  OK  [0m] Started Run snappy firstboot setup.
[[0;32m  OK  [0m] Started LSB: AppArmor initialization.
[[0;32m  OK  [0m] Reached target System Initialization.
[[0;32m  OK  [0m] Started Daily Cleanup of Temporary Directories.
         Starting LXD - unix socket.
[[0;32m  OK  [0m] Started Trigger resolvconf update for networkd DNS.
         Starting Socket activation for snappy daemon.
[[0;32m  OK  [0m] Started Timer to automatically refresh installed snaps.
[[0;32m  OK  [0m] Listening on UUID daemon activation socket.
[[0;32m  OK  [0m] Listening on ACPID Listen Socket.
[[0;32m  OK  [0m] Listening on D-Bus System Message Bus Socket.
[[0;32m  OK  [0m] Started ACPI Events Check.
[[0;32m  OK  [0m] Reached target Paths.
[[0;32m  OK  [0m] Started Daily apt activities.
[[0;32m  OK  [0m] Reached target Timers.
[[0;32m  OK  [0m] Listening on LXD - unix socket.
[[0;32m  OK  [0m] Listening on Socket activation for snappy daemon.
[   17.254854] cloud-init[693]: Cloud-init v. 0.7.8 running 'init-local' at Tue, 23 May 2017 11:02:43 +0000. Up 17.03 seconds.
[[0;32m  OK  [0m] Reached target Sockets.
[[0;32m  OK  [0m] Reached target Basic System.
[[0;32m  OK  [0m] Started FUSE filesystem for LXC.
         Starting Login Service...
         Starting Accounts Service...
         Starting System Logging Service...
[[0;32m  OK  [0m] Started Deferred execution scheduler.
[[0;32m  OK  [0m] Started ACPI event daemon.
[[0;32m  OK  [0m] Started Regular background program processing daemon.
[[0;32m  OK  [0m] Started Snappy daemon.
         Starting LSB: MD monitoring daemon...
[[0;32m  OK  [0m] Started D-Bus System Message Bus.
         Starting LSB: Record successful boot for GRUB...
         Starting LXD - container startup/shutdown...
[[0;32m  OK  [0m] Started System Logging Service.
[[0;32m  OK  [0m] Started Initial cloud-init job (pre-networking).
[[0;32m  OK  [0m] Started Login Service.
         Starting Authenticate and Authorize Users to Run Privileged Tasks...
[[0;32m  OK  [0m] Reached target Network (Pre).
         Starting Raise network interfaces...
[[0;32m  OK  [0m] Started LSB: MD monitoring daemon.
[[0;32m  OK  [0m] Started LSB: Record successful boot for GRUB.
[[0;32m  OK  [0m] Started Authenticate and Authorize Users to Run Privileged Tasks.
[[0;32m  OK  [0m] Started Accounts Service.
[[0;32m  OK  [0m] Started LXD - container startup/shutdown.
[[0;32m  OK  [0m] Started Raise network interfaces.
[[0;32m  OK  [0m] Reached target Network.
         Starting Initial cloud-init job (metadata service crawler)...
[   19.778204] cloud-init[1015]: Cloud-init v. 0.7.8 running 'init' at Tue, 23 May 2017 11:02:45 +0000. Up 18.89 seconds.
[   19.809017] [[0;32m  OK  [0m] Started Initial cloud-init job (metadata service crawler).
cloud-init[1015]: ci-info: ++++++++++++++++++++++++++++++++++++++Net device info++++++++++++++++++++++++++++++++++++++[[0;32m  OK  [0m] Reached target Cloud-config availability.
[[0;32m  OK  [0m] Reached target Network is Online.

[   19.816188] cloud-init[1015]: ci-info: +--------+-------+----------------------------+---------------+-------+-------------------+
[   19.817243] cloud-init[1015]: ci-info: | Device |   Up  |          Address           |      Mask     | Scope |     Hw-Address    |
[   19.818238] cloud-init[1015]: ci-info: +--------+-------+----------------------------+---------------+-------+-------------------+
[   19.819307] cloud-init[1015]: ci-info: | enp0s3 |  True |         10.0.2.15          | 255.255.255.0 |   .   | 02:8c:e2:cf:b5:33 |
[   19.820363] cloud-init[1015]: ci-info: | enp0s3 |  True | fe80::8c:e2ff:fecf:b533/64 |       .       |  link | 02:8c:e2:cf:b5:33 |
[   19.824603] cloud-init[1015]: ci-info: |   lo   |  True |         127.0.0.1          |   255.0.0.0   |   .   |         .         |
[   19.860202]          cloud-initStarting Pollinate to seed the pseudo random number generator...[1015]: 
ci-info: |   lo   |  True |          ::1/128           |       .       |  host |         .         |
         Starting /etc/rc.local Compatibility...
[   19.986381] cloud-init[1015]: ci-info: | enp0s8 | False |             .              |       .       |   .   | 08:00:27:6b:ba:b7 |
[   19.993706] cloud-init[1015]: ci-info: +--------+-------+----------------------------+---------------+-------+-------------------+
[   19.995833] cloud-init[1015]: ci-info: +++++++++++++++++++++++++++Route IPv4 info++++++++++++++++++++++++++++
[   19.998018] cloud-init[1015]: ci-info: +-------+-------------+----------+---------------+-----------+-------+
[   20.000177] cloud-init[1015]: ci-info: | Route | Destination | Gateway  |    Genmask    | Interface | Flags |
         Starting iSCSI initiator daemon (iscsid)...
         Starting Apply the settings specified in cloud-config...
[[0;32m  OK  [0m] Started /etc/rc.local Compatibility.
[   20.005244] cloud-init[1015]: ci-info: +-------+-------------+----------+---------------+-----------+-------+
[   20.016492] cloud-init[1015]: ci-info: |   0   |   0.0.0.0   | 10.0.2.2 |    0.0.0.0    |   enp0s3  |   UG  |
[   20.021627] cloud-init[1015]: ci-info: |   1   |   10.0.2.0  | 0.0.0.0  | 255.255.255.0 |   enp0s3  |   U   |
[   20.024040] cloud-init[1015]: ci-info: +-------+-------------+----------+---------------+-----------+-------+
[   20.026003] cloud-init[1015]: Generating public/private rsa key pair.
[   20.040213] cloud-init[1015]: Your identification has been saved in /etc/ssh/ssh_host_rsa_key.
[   20.052641] [cloud-init[0;32m  OK  [0m[1015]: ] Your public key has been saved in /etc/ssh/ssh_host_rsa_key.pub.Started iSCSI initiator daemon (iscsid).

[   20.053028] cloud-init[1015]: The key fingerprint is:
[   20.056851] cloud-init[1015]: SHA256:B54ZZMYHitBWqi5CYZV8HoPNezvV7YCTgUV1Od0wvDg root@ubuntu-xenial
[   20.060654] cloud-init[1015]: The key's randomart image is:
[   20.064589] cloud-init[1015]: +---[RSA 2048]----+
[   20.066591]          cloud-initStarting Login to default iSCSI targets...[1015]: 
|  oo=...O+.. o=..|
[   20.076621] cloud-init[1015]: |  .=oO *... .o.o.|
[   20.080393] cloud-init[1015]: | o .= = o.= .... |
[   20.084547] cloud-init[1015]: |. .. o o X oE..  |
[   20.088102] cloud-init[1015]: | ..   . S o o.   |
[   20.089724] cloud-init[1015]: |..     o .   .   |
[   20.092445] cloud-init[1015]: |o .     .        |
[   20.096144] cloud-init[1015]: |..               |
[   20.100376] cloud-init[1015]: |                 |
[   20.105981] cloud-init[1015]: +----[SHA256]-----+
[   20.108433] cloud-init[1015]: Generating public/private dsa key pair.
[   20.112665] cloud-init[1015]: Your identification has been saved in /etc/ssh/ssh_host_dsa_key.
[   20.114965] cloud-init[1015]: Your public key has been saved in /etc/ssh/ssh_host_dsa_key.pub.
[   20.116845] cloud-init[1015]: The key fingerprint is:
[   20.120403] cloud-init[1015]: SHA256:GEKSQx1QaN7khLZ7jzfKr5Poucu4E3NAS5pfHVnRd9M root@ubuntu-xenial
[   20.123571] cloud-init[1015]: The key's randomart image is:
[   20.125362] cloud-init[1015]: +---[DSA 1024]----+
[   20.127043] cloud-init[1015]: | .+B+. ooo     . |
[[0;32m  OK  [0m] Started Login to default iSCSI targets.
[[0;32m  OK  [0m] Reached target Remote File Systems (Pre).
[[0;32m  OK  [0m] Reached target Remote File Systems.
[   20.131160] cloud-init[1015]: | oBo+ o   . . o E|
[   20.147598] cloud-init[1015]: |+=.B....   . . . |
[   20.149402] cloud-init[1015]: |+.o +..o         |
[   20.150026] cloud-init[1015]: | o o  . S        |
[   20.150601] cloud-init[1015]: |o + .            |
[   20.151159] cloud-init[1015]: | + o +           |
[   20.152958] cloud-init[1015]: |.o.o+ +          |
[   20.154603] cloud-init[1015]: |o+*o+*..         |
[   20.156277] cloud-init[1015]: +----[SHA256]-----+
[   20.158421] cloud-init[1015]: Generating public/private ecdsa key pair.
[   20.167727]          cloud-initStarting LSB: daemon to balance interrupts for SMP systems...[1015]: 
Your identification has been saved in /etc/ssh/ssh_host_ecdsa_key.
[   20.172642] cloud-init[1015]: Your public key has been saved in /etc/ssh/ssh_host_ecdsa_key.pub.
[   20.174579] cloud-init[1015]: The key fingerprint is:
         Starting LSB: VirtualBox Linux Additions...
         Starting LSB: automatic crash report generation...
         Starting LSB: Set the CPU Frequency Scaling governor to "ondemand"...
         Starting Permit User Sessions...
[   20.178854] cloud-init[1015]: SHA256:J3t/DB5KH7D4zwsOz8GKYsPpeNyd5c3/6AQmKE2q++I root@ubuntu-xenial
[   20.197172] cloud-init[1015]: The key's randomart image is:
[   20.200839] cloud-init[1015]: +---[ECDSA 256]---+
[   20.203555] cloud-init[1015]: |                 |
[[0;32m  OK  [0m] Started Permit User Sessions.
[[0;32m  OK  [0m] Started LSB: Set the CPU Frequency Scaling governor to "ondemand".
[   20.215635] cloud-init[1015]: |                 |
[   20.224420] cloud-init[1015]: |        .        |
[   20.226079] cloud-init[1015]: |       + ..      |
[   20.233825] cloud-init[1015]: |      o S.ooo    |
[   20.236197] cloud-init[1015]: |     . ..=+o+.   |
[   20.240098]          cloud-initStarting Terminate Plymouth Boot Screen...[1015]: 
|   o.o .o*=* =.  |
         Starting Hold until boot process finishes up...
[   20.243957] cloud-init[1015]: |   .X...oB+==.o. |
[   20.248528] [cloud-init[0;32m  OK  [0m[1015]: ] |  .=E=o . +.==+..|Started LSB: daemon to balance interrupts for SMP systems.

[   20.248775] [cloud-init[0;32m  OK  [0m[1015]: ] +----[SHA256]-----+Started Hold until boot process finishes up.

[   20.256598] [cloud-init[0;32m  OK  [0m[1015]: ] Generating public/private ed25519 key pair.Started Terminate Plymouth Boot Screen.

[   20.260271] cloud-init[1015]: Your identification has been saved in /etc/ssh/ssh_host_ed25519_key.
[   20.266337] cloud-init[1015]: Your public key has been saved in /etc/ssh/ssh_host_ed25519_key.pub.
[   20.274374] cloud-init[1015]: The key fingerprint is:
[   20.275023] cloud-init[1015]: SHA256:B3ouEsTo/4gla9BRToijQqJmUoDrkMS9b+TrYG15Ar8 root@ubuntu-xenial
[   20.275938] cloud-init[1015]: The key's randomart image is:
[   20.276595] cloud-init[1015]: +--[ED25519 256]--+
[   20.278256] cloud-init[1015]: |+o..             |
[   20.278882] cloud-init[1015]: |=+o+o            |
[   20.279459] cloud-init[1015]: |*=.++   .        |
[[0;32m  OK  [0m] Started Getty on tty1.
         Starting Set console scheme...
[[0;32m  OK  [0m] Started Serial Getty on ttyS0.
[[0;32m  OK  [0m] Reached target Login Prompts.
[   20.280031] cloud-init[1015]: |O+.o.. . .       |
[   20.283482] cloud-init[1015]: |B..o= . S .      |
[   20.284053] cloud-init[1015]: |....+=.o .       |
[   20.286286] cloud-init[1015]: | ..o=*o..        |
[[0;32m  OK  [0m] Started Set console scheme.
[   20.291886] cloud-init[1015]: |  o=o=+.         |
[   20.295443] cloud-init[1015]: | .o oE.          |
[   20.297872] [cloud-init[0;32m  OK  [0m[1015]: ] +----[SHA256]-----+Started LSB: automatic crash report generation.

[[0;32m  OK  [0m] Started LSB: VirtualBox Linux Additions.
[   20.359244] cloud-init[1139]: Generating locales (this might take a while)...
[[0;32m  OK  [0m] Started Pollinate to seed the pseudo random number generator.
         Starting OpenBSD Secure Shell server...
[[0;32m  OK  [0m] Started OpenBSD Secure Shell server.
[[0;32m  OK  [0m] Reached target Multi-User System.
[[0;32m  OK  [0m] Reached target Graphical Interface.
         Starting Notify bootloader that boot was successful...
         Starting Update UTMP about System Runlevel Changes...
[[0;32m  OK  [0m] Started Notify bootloader that boot was successful.
[[0;32m  OK  [0m] Started Update UTMP about System Runlevel Changes.
[   20.969009] cloud-init[1139]:   en_US.UTF-8... done
[   21.008301] cloud-init[1139]: Generation complete.
         Stopping OpenBSD Secure Shell server...
[[0;32m  OK  [0m] Stopped OpenBSD Secure Shell server.
         Starting OpenBSD Secure Shell server...
[[0;32m  OK  [0m] Started OpenBSD Secure Shell server.
[   21.706300] cloud-init[1139]: Cloud-init v. 0.7.8 running 'modules:config' at Tue, 23 May 2017 11:02:46 +0000. Up 20.26 seconds.
[[0;32m  OK  [0m] Started Apply the settings specified in cloud-config.
         Starting Execute cloud user/final scripts...
ci-info: no authorized ssh keys fingerprints found for user ubuntu.
<14>May 23 11:02:48 ec2: 
<14>May 23 11:02:48 ec2: #############################################################
<14>May 23 11:02:48 ec2: -----BEGIN SSH HOST KEY FINGERPRINTS-----
<14>May 23 11:02:48 ec2: 1024 SHA256:GEKSQx1QaN7khLZ7jzfKr5Poucu4E3NAS5pfHVnRd9M root@ubuntu-xenial (DSA)
<14>May 23 11:02:48 ec2: 256 SHA256:J3t/DB5KH7D4zwsOz8GKYsPpeNyd5c3/6AQmKE2q++I root@ubuntu-xenial (ECDSA)
<14>May 23 11:02:48 ec2: 256 SHA256:B3ouEsTo/4gla9BRToijQqJmUoDrkMS9b+TrYG15Ar8 root@ubuntu-xenial (ED25519)
<14>May 23 11:02:48 ec2: 2048 SHA256:B54ZZMYHitBWqi5CYZV8HoPNezvV7YCTgUV1Od0wvDg root@ubuntu-xenial (RSA)
<14>May 23 11:02:48 ec2: -----END SSH HOST KEY FINGERPRINTS-----
<14>May 23 11:02:48 ec2: #############################################################
-----BEGIN SSH HOST KEY KEYS-----
ecdsa-sha2-nistp256 AAAAE2VjZHNhLXNoYTItbmlzdHAyNTYAAAAIbmlzdHAyNTYAAABBBFJWmpe+0VFZH1ti7drNzDE4xH7TIg45PE2a9k1c0DbQ2EpAD2mjgnFGOxPK/v9gly2MnSh5Ex92P1hnrTaIIFk= root@ubuntu-xenial
ssh-ed25519 AAAAC3NzaC1lZDI1NTE5AAAAIF7XkFjsbPZvaKkK86tLVoHmG9gkolBwwcJCopDDDDxP root@ubuntu-xenial
ssh-rsa AAAAB3NzaC1yc2EAAAADAQABAAABAQCpWz4TkRpaHxqfbwfyLw1+x1/B1NvFMLS+QmZzPeNyWcg3O8ZhcEIbQvMp8l0l5Aq8TOvLNCgAasvZWs19JT5feenJjzOwBjKNGNn+irXsJ6hi9mTMQEiIL4AEm6hJznA2diN/h+OGv4Q06LrVeEeQdzqbM7gT1N54g/OU02o7uZIsYWmiQ/jnZoN849ogCayQ9a/T2rqEM4yGcSzzh2MHeDtFLNa4j6c6FGhSRtpL8QFgTZZGUx8NRbjVp3tTwe2yaecgVVSsNZBuai9KaGgCp/DpY7CDAUqjBW1V5DykP71Wvq7qWfT7irmbZ1nHKHoLgM5auNcK7nM1qUm+eL+B root@ubuntu-xenial
-----END SSH HOST KEY KEYS-----
[   23.016416] cloud-init[1311]: Cloud-init v. 0.7.8 running 'modules:final' at Tue, 23 May 2017 11:02:48 +0000. Up 22.00 seconds.
[   23.120270] cloud-init[1311]: ci-info: no authorized ssh keys fingerprints found for user ubuntu.
[   23.120399] cloud-init[1311]: Cloud-init v. 0.7.8 finished at Tue, 23 May 2017 11:02:49 +0000. Datasource DataSourceNoCloud [seed=/dev/sdb][dsmode=net].  Up 23.01 seconds
[[0;32m  OK  [0m] Started Execute cloud user/final scripts.
[[0;32m  OK  [0m] Reached target Cloud-init target.

Ubuntu 16.04.1 LTS ubuntu-xenial ttyS0

ubuntu-xenial login: 